<?xml version="1.0" encoding="UTF-8"?>
<testsuite xmlns:xsi="http://www.w3.org/2001/XMLSchema-instance" xsi:noNamespaceSchemaLocation="https://maven.apache.org/surefire/maven-surefire-plugin/xsd/surefire-test-report.xsd" name="ca.bc.gov.educ.api.pendemog.controller.PenDemographicsControllerTest" time="20.247" tests="7" errors="7" skipped="0" failures="0">
  <properties>
    <property name="sun.desktop" value="windows"/>
    <property name="awt.toolkit" value="sun.awt.windows.WToolkit"/>
    <property name="java.specification.version" value="11"/>
    <property name="sun.cpu.isalist" value="amd64"/>
    <property name="sun.jnu.encoding" value="Cp1252"/>
    <property name="java.class.path" value="C:\Users\Arcshift Solutions\.m2\repository\org\apache\maven\surefire\surefire-booter\2.22.2\surefire-booter-2.22.2.jar;C:\Users\Arcshift Solutions\.m2\repository\org\apache\maven\surefire\surefire-api\2.22.2\surefire-api-2.22.2.jar;C:\Users\Arcshift Solutions\.m2\repository\org\apache\maven\surefire\surefire-logger-api\2.22.2\surefire-logger-api-2.22.2.jar;C:\Users\Arcshift Solutions\git\intellij\EDUC-PEN-DEMOG-API\api\target\test-classes;C:\Users\Arcshift Solutions\git\intellij\EDUC-PEN-DEMOG-API\api\target\classes;C:\Users\Arcshift Solutions\.m2\repository\org\springframework\boot\spring-boot-starter-web\2.2.7.RELEASE\spring-boot-starter-web-2.2.7.RELEASE.jar;C:\Users\Arcshift Solutions\.m2\repository\org\springframework\boot\spring-boot-starter\2.2.7.RELEASE\spring-boot-starter-2.2.7.RELEASE.jar;C:\Users\Arcshift Solutions\.m2\repository\org\springframework\boot\spring-boot-starter-logging\2.2.7.RELEASE\spring-boot-starter-logging-2.2.7.RELEASE.jar;C:\Users\Arcshift Solutions\.m2\repository\ch\qos\logback\logback-classic\1.2.3\logback-classic-1.2.3.jar;C:\Users\Arcshift Solutions\.m2\repository\ch\qos\logback\logback-core\1.2.3\logback-core-1.2.3.jar;C:\Users\Arcshift Solutions\.m2\repository\org\apache\logging\log4j\log4j-to-slf4j\2.12.1\log4j-to-slf4j-2.12.1.jar;C:\Users\Arcshift Solutions\.m2\repository\org\slf4j\jul-to-slf4j\1.7.30\jul-to-slf4j-1.7.30.jar;C:\Users\Arcshift Solutions\.m2\repository\jakarta\annotation\jakarta.annotation-api\1.3.5\jakarta.annotation-api-1.3.5.jar;C:\Users\Arcshift Solutions\.m2\repository\org\yaml\snakeyaml\1.25\snakeyaml-1.25.jar;C:\Users\Arcshift Solutions\.m2\repository\org\springframework\boot\spring-boot-starter-json\2.2.7.RELEASE\spring-boot-starter-json-2.2.7.RELEASE.jar;C:\Users\Arcshift Solutions\.m2\repository\com\fasterxml\jackson\datatype\jackson-datatype-jdk8\2.10.4\jackson-datatype-jdk8-2.10.4.jar;C:\Users\Arcshift Solutions\.m2\repository\com\fasterxml\jackson\datatype\jackson-datatype-jsr310\2.10.4\jackson-datatype-jsr310-2.10.4.jar;C:\Users\Arcshift Solutions\.m2\repository\com\fasterxml\jackson\module\jackson-module-parameter-names\2.10.4\jackson-module-parameter-names-2.10.4.jar;C:\Users\Arcshift Solutions\.m2\repository\org\springframework\boot\spring-boot-starter-validation\2.2.7.RELEASE\spring-boot-starter-validation-2.2.7.RELEASE.jar;C:\Users\Arcshift Solutions\.m2\repository\jakarta\validation\jakarta.validation-api\2.0.2\jakarta.validation-api-2.0.2.jar;C:\Users\Arcshift Solutions\.m2\repository\org\hibernate\validator\hibernate-validator\6.0.19.Final\hibernate-validator-6.0.19.Final.jar;C:\Users\Arcshift Solutions\.m2\repository\org\springframework\spring-web\5.2.6.RELEASE\spring-web-5.2.6.RELEASE.jar;C:\Users\Arcshift Solutions\.m2\repository\org\springframework\spring-beans\5.2.6.RELEASE\spring-beans-5.2.6.RELEASE.jar;C:\Users\Arcshift Solutions\.m2\repository\org\springframework\spring-webmvc\5.2.6.RELEASE\spring-webmvc-5.2.6.RELEASE.jar;C:\Users\Arcshift Solutions\.m2\repository\org\springframework\spring-aop\5.2.6.RELEASE\spring-aop-5.2.6.RELEASE.jar;C:\Users\Arcshift Solutions\.m2\repository\org\springframework\spring-context\5.2.6.RELEASE\spring-context-5.2.6.RELEASE.jar;C:\Users\Arcshift Solutions\.m2\repository\org\springframework\spring-expression\5.2.6.RELEASE\spring-expression-5.2.6.RELEASE.jar;C:\Users\Arcshift Solutions\.m2\repository\org\springframework\boot\spring-boot-starter-undertow\2.2.7.RELEASE\spring-boot-starter-undertow-2.2.7.RELEASE.jar;C:\Users\Arcshift Solutions\.m2\repository\io\undertow\undertow-core\2.0.30.Final\undertow-core-2.0.30.Final.jar;C:\Users\Arcshift Solutions\.m2\repository\org\jboss\logging\jboss-logging\3.4.1.Final\jboss-logging-3.4.1.Final.jar;C:\Users\Arcshift Solutions\.m2\repository\org\jboss\xnio\xnio-api\3.3.8.Final\xnio-api-3.3.8.Final.jar;C:\Users\Arcshift Solutions\.m2\repository\org\jboss\xnio\xnio-nio\3.3.8.Final\xnio-nio-3.3.8.Final.jar;C:\Users\Arcshift Solutions\.m2\repository\io\undertow\undertow-servlet\2.0.30.Final\undertow-servlet-2.0.30.Final.jar;C:\Users\Arcshift Solutions\.m2\repository\org\jboss\spec\javax\annotation\jboss-annotations-api_1.2_spec\1.0.2.Final\jboss-annotations-api_1.2_spec-1.0.2.Final.jar;C:\Users\Arcshift Solutions\.m2\repository\io\undertow\undertow-websockets-jsr\2.0.30.Final\undertow-websockets-jsr-2.0.30.Final.jar;C:\Users\Arcshift Solutions\.m2\repository\org\jboss\spec\javax\websocket\jboss-websocket-api_1.1_spec\1.1.4.Final\jboss-websocket-api_1.1_spec-1.1.4.Final.jar;C:\Users\Arcshift Solutions\.m2\repository\jakarta\servlet\jakarta.servlet-api\4.0.3\jakarta.servlet-api-4.0.3.jar;C:\Users\Arcshift Solutions\.m2\repository\org\glassfish\jakarta.el\3.0.3\jakarta.el-3.0.3.jar;C:\Users\Arcshift Solutions\.m2\repository\org\springframework\boot\spring-boot-starter-data-jpa\2.2.7.RELEASE\spring-boot-starter-data-jpa-2.2.7.RELEASE.jar;C:\Users\Arcshift Solutions\.m2\repository\org\springframework\boot\spring-boot-starter-aop\2.2.7.RELEASE\spring-boot-starter-aop-2.2.7.RELEASE.jar;C:\Users\Arcshift Solutions\.m2\repository\org\aspectj\aspectjweaver\1.9.5\aspectjweaver-1.9.5.jar;C:\Users\Arcshift Solutions\.m2\repository\org\springframework\boot\spring-boot-starter-jdbc\2.2.7.RELEASE\spring-boot-starter-jdbc-2.2.7.RELEASE.jar;C:\Users\Arcshift Solutions\.m2\repository\com\zaxxer\HikariCP\3.4.3\HikariCP-3.4.3.jar;C:\Users\Arcshift Solutions\.m2\repository\org\springframework\spring-jdbc\5.2.6.RELEASE\spring-jdbc-5.2.6.RELEASE.jar;C:\Users\Arcshift Solutions\.m2\repository\jakarta\persistence\jakarta.persistence-api\2.2.3\jakarta.persistence-api-2.2.3.jar;C:\Users\Arcshift Solutions\.m2\repository\jakarta\transaction\jakarta.transaction-api\1.3.3\jakarta.transaction-api-1.3.3.jar;C:\Users\Arcshift Solutions\.m2\repository\org\hibernate\hibernate-core\5.4.15.Final\hibernate-core-5.4.15.Final.jar;C:\Users\Arcshift Solutions\.m2\repository\org\javassist\javassist\3.24.0-GA\javassist-3.24.0-GA.jar;C:\Users\Arcshift Solutions\.m2\repository\net\bytebuddy\byte-buddy\1.10.10\byte-buddy-1.10.10.jar;C:\Users\Arcshift Solutions\.m2\repository\antlr\antlr\2.7.7\antlr-2.7.7.jar;C:\Users\Arcshift Solutions\.m2\repository\org\jboss\jandex\2.1.3.Final\jandex-2.1.3.Final.jar;C:\Users\Arcshift Solutions\.m2\repository\com\fasterxml\classmate\1.5.1\classmate-1.5.1.jar;C:\Users\Arcshift Solutions\.m2\repository\org\dom4j\dom4j\2.1.3\dom4j-2.1.3.jar;C:\Users\Arcshift Solutions\.m2\repository\org\hibernate\common\hibernate-commons-annotations\5.1.0.Final\hibernate-commons-annotations-5.1.0.Final.jar;C:\Users\Arcshift Solutions\.m2\repository\org\springframework\data\spring-data-jpa\2.2.7.RELEASE\spring-data-jpa-2.2.7.RELEASE.jar;C:\Users\Arcshift Solutions\.m2\repository\org\springframework\data\spring-data-commons\2.2.7.RELEASE\spring-data-commons-2.2.7.RELEASE.jar;C:\Users\Arcshift Solutions\.m2\repository\org\springframework\spring-orm\5.2.6.RELEASE\spring-orm-5.2.6.RELEASE.jar;C:\Users\Arcshift Solutions\.m2\repository\org\springframework\spring-tx\5.2.6.RELEASE\spring-tx-5.2.6.RELEASE.jar;C:\Users\Arcshift Solutions\.m2\repository\org\slf4j\slf4j-api\1.7.30\slf4j-api-1.7.30.jar;C:\Users\Arcshift Solutions\.m2\repository\org\springframework\spring-aspects\5.2.6.RELEASE\spring-aspects-5.2.6.RELEASE.jar;C:\Users\Arcshift Solutions\.m2\repository\org\springframework\security\oauth\boot\spring-security-oauth2-autoconfigure\2.2.7.RELEASE\spring-security-oauth2-autoconfigure-2.2.7.RELEASE.jar;C:\Users\Arcshift Solutions\.m2\repository\com\fasterxml\jackson\core\jackson-annotations\2.10.4\jackson-annotations-2.10.4.jar;C:\Users\Arcshift Solutions\.m2\repository\com\fasterxml\jackson\core\jackson-databind\2.10.4\jackson-databind-2.10.4.jar;C:\Users\Arcshift Solutions\.m2\repository\com\fasterxml\jackson\core\jackson-core\2.10.4\jackson-core-2.10.4.jar;C:\Users\Arcshift Solutions\.m2\repository\javax\xml\bind\jaxb-api\2.3.1\jaxb-api-2.3.1.jar;C:\Users\Arcshift Solutions\.m2\repository\javax\activation\javax.activation-api\1.2.0\javax.activation-api-1.2.0.jar;C:\Users\Arcshift Solutions\.m2\repository\org\springframework\boot\spring-boot\2.2.7.RELEASE\spring-boot-2.2.7.RELEASE.jar;C:\Users\Arcshift Solutions\.m2\repository\org\springframework\boot\spring-boot-autoconfigure\2.2.7.RELEASE\spring-boot-autoconfigure-2.2.7.RELEASE.jar;C:\Users\Arcshift Solutions\.m2\repository\org\springframework\security\oauth\spring-security-oauth2\2.3.8.RELEASE\spring-security-oauth2-2.3.8.RELEASE.jar;C:\Users\Arcshift Solutions\.m2\repository\org\springframework\security\spring-security-config\5.2.4.RELEASE\spring-security-config-5.2.4.RELEASE.jar;C:\Users\Arcshift Solutions\.m2\repository\commons-codec\commons-codec\1.13\commons-codec-1.13.jar;C:\Users\Arcshift Solutions\.m2\repository\org\codehaus\jackson\jackson-mapper-asl\1.9.13\jackson-mapper-asl-1.9.13.jar;C:\Users\Arcshift Solutions\.m2\repository\org\codehaus\jackson\jackson-core-asl\1.9.13\jackson-core-asl-1.9.13.jar;C:\Users\Arcshift Solutions\.m2\repository\org\springframework\security\spring-security-jwt\1.0.11.RELEASE\spring-security-jwt-1.0.11.RELEASE.jar;C:\Users\Arcshift Solutions\.m2\repository\org\bouncycastle\bcpkix-jdk15on\1.64\bcpkix-jdk15on-1.64.jar;C:\Users\Arcshift Solutions\.m2\repository\org\bouncycastle\bcprov-jdk15on\1.64\bcprov-jdk15on-1.64.jar;C:\Users\Arcshift Solutions\.m2\repository\org\glassfish\jaxb\jaxb-runtime\2.3.3\jaxb-runtime-2.3.3.jar;C:\Users\Arcshift Solutions\.m2\repository\org\glassfish\jaxb\txw2\2.3.3\txw2-2.3.3.jar;C:\Users\Arcshift Solutions\.m2\repository\com\sun\istack\istack-commons-runtime\3.0.11\istack-commons-runtime-3.0.11.jar;C:\Users\Arcshift Solutions\.m2\repository\com\sun\activation\jakarta.activation\1.2.2\jakarta.activation-1.2.2.jar;C:\Users\Arcshift Solutions\.m2\repository\org\apache\logging\log4j\log4j-api\2.12.1\log4j-api-2.12.1.jar;C:\Users\Arcshift Solutions\.m2\repository\org\apache\logging\log4j\log4j-core\2.12.1\log4j-core-2.12.1.jar;C:\Users\Arcshift Solutions\.m2\repository\org\apache\commons\commons-lang3\3.9\commons-lang3-3.9.jar;C:\Users\Arcshift Solutions\.m2\repository\javax\persistence\javax.persistence-api\2.2\javax.persistence-api-2.2.jar;C:\Users\Arcshift Solutions\.m2\repository\org\springframework\boot\spring-boot-starter-test\2.2.7.RELEASE\spring-boot-starter-test-2.2.7.RELEASE.jar;C:\Users\Arcshift Solutions\.m2\repository\org\springframework\boot\spring-boot-test\2.2.7.RELEASE\spring-boot-test-2.2.7.RELEASE.jar;C:\Users\Arcshift Solutions\.m2\repository\org\springframework\boot\spring-boot-test-autoconfigure\2.2.7.RELEASE\spring-boot-test-autoconfigure-2.2.7.RELEASE.jar;C:\Users\Arcshift Solutions\.m2\repository\com\jayway\jsonpath\json-path\2.4.0\json-path-2.4.0.jar;C:\Users\Arcshift Solutions\.m2\repository\net\minidev\json-smart\2.3\json-smart-2.3.jar;C:\Users\Arcshift Solutions\.m2\repository\net\minidev\accessors-smart\1.2\accessors-smart-1.2.jar;C:\Users\Arcshift Solutions\.m2\repository\org\ow2\asm\asm\5.0.4\asm-5.0.4.jar;C:\Users\Arcshift Solutions\.m2\repository\jakarta\xml\bind\jakarta.xml.bind-api\2.3.3\jakarta.xml.bind-api-2.3.3.jar;C:\Users\Arcshift Solutions\.m2\repository\jakarta\activation\jakarta.activation-api\1.2.2\jakarta.activation-api-1.2.2.jar;C:\Users\Arcshift Solutions\.m2\repository\org\junit\jupiter\junit-jupiter\5.5.2\junit-jupiter-5.5.2.jar;C:\Users\Arcshift Solutions\.m2\repository\org\junit\jupiter\junit-jupiter-api\5.5.2\junit-jupiter-api-5.5.2.jar;C:\Users\Arcshift Solutions\.m2\repository\org\opentest4j\opentest4j\1.2.0\opentest4j-1.2.0.jar;C:\Users\Arcshift Solutions\.m2\repository\org\junit\platform\junit-platform-commons\1.5.2\junit-platform-commons-1.5.2.jar;C:\Users\Arcshift Solutions\.m2\repository\org\junit\jupiter\junit-jupiter-params\5.5.2\junit-jupiter-params-5.5.2.jar;C:\Users\Arcshift Solutions\.m2\repository\org\junit\jupiter\junit-jupiter-engine\5.5.2\junit-jupiter-engine-5.5.2.jar;C:\Users\Arcshift Solutions\.m2\repository\org\junit\vintage\junit-vintage-engine\5.5.2\junit-vintage-engine-5.5.2.jar;C:\Users\Arcshift Solutions\.m2\repository\org\apiguardian\apiguardian-api\1.1.0\apiguardian-api-1.1.0.jar;C:\Users\Arcshift Solutions\.m2\repository\org\junit\platform\junit-platform-engine\1.5.2\junit-platform-engine-1.5.2.jar;C:\Users\Arcshift Solutions\.m2\repository\junit\junit\4.12\junit-4.12.jar;C:\Users\Arcshift Solutions\.m2\repository\org\mockito\mockito-junit-jupiter\3.1.0\mockito-junit-jupiter-3.1.0.jar;C:\Users\Arcshift Solutions\.m2\repository\org\assertj\assertj-core\3.13.2\assertj-core-3.13.2.jar;C:\Users\Arcshift Solutions\.m2\repository\org\hamcrest\hamcrest\2.1\hamcrest-2.1.jar;C:\Users\Arcshift Solutions\.m2\repository\org\mockito\mockito-core\3.1.0\mockito-core-3.1.0.jar;C:\Users\Arcshift Solutions\.m2\repository\net\bytebuddy\byte-buddy-agent\1.10.10\byte-buddy-agent-1.10.10.jar;C:\Users\Arcshift Solutions\.m2\repository\org\objenesis\objenesis\2.6\objenesis-2.6.jar;C:\Users\Arcshift Solutions\.m2\repository\org\skyscreamer\jsonassert\1.5.0\jsonassert-1.5.0.jar;C:\Users\Arcshift Solutions\.m2\repository\com\vaadin\external\google\android-json\0.0.20131108.vaadin1\android-json-0.0.20131108.vaadin1.jar;C:\Users\Arcshift Solutions\.m2\repository\org\springframework\spring-core\5.2.6.RELEASE\spring-core-5.2.6.RELEASE.jar;C:\Users\Arcshift Solutions\.m2\repository\org\springframework\spring-jcl\5.2.6.RELEASE\spring-jcl-5.2.6.RELEASE.jar;C:\Users\Arcshift Solutions\.m2\repository\org\springframework\spring-test\5.2.6.RELEASE\spring-test-5.2.6.RELEASE.jar;C:\Users\Arcshift Solutions\.m2\repository\org\xmlunit\xmlunit-core\2.6.4\xmlunit-core-2.6.4.jar;C:\Users\Arcshift Solutions\.m2\repository\org\projectlombok\lombok\1.18.12\lombok-1.18.12.jar;C:\Users\Arcshift Solutions\.m2\repository\com\oracle\jdbc\ojdbc8\12.2.0.1\ojdbc8-12.2.0.1.jar;C:\Users\Arcshift Solutions\.m2\repository\org\springdoc\springdoc-openapi-webmvc-core\1.3.9\springdoc-openapi-webmvc-core-1.3.9.jar;C:\Users\Arcshift Solutions\.m2\repository\org\springdoc\springdoc-openapi-common\1.3.9\springdoc-openapi-common-1.3.9.jar;C:\Users\Arcshift Solutions\.m2\repository\io\swagger\core\v3\swagger-models\2.1.2\swagger-models-2.1.2.jar;C:\Users\Arcshift Solutions\.m2\repository\io\swagger\core\v3\swagger-annotations\2.1.2\swagger-annotations-2.1.2.jar;C:\Users\Arcshift Solutions\.m2\repository\io\swagger\core\v3\swagger-integration\2.1.2\swagger-integration-2.1.2.jar;C:\Users\Arcshift Solutions\.m2\repository\io\swagger\core\v3\swagger-core\2.1.2\swagger-core-2.1.2.jar;C:\Users\Arcshift Solutions\.m2\repository\com\fasterxml\jackson\dataformat\jackson-dataformat-yaml\2.10.4\jackson-dataformat-yaml-2.10.4.jar;C:\Users\Arcshift Solutions\.m2\repository\org\springdoc\springdoc-openapi-ui\1.3.9\springdoc-openapi-ui-1.3.9.jar;C:\Users\Arcshift Solutions\.m2\repository\org\webjars\swagger-ui\3.25.1\swagger-ui-3.25.1.jar;C:\Users\Arcshift Solutions\.m2\repository\org\webjars\webjars-locator-core\0.41\webjars-locator-core-0.41.jar;C:\Users\Arcshift Solutions\.m2\repository\io\github\classgraph\classgraph\4.8.44\classgraph-4.8.44.jar;C:\Users\Arcshift Solutions\.m2\repository\org\webjars\npm\angular__http\2.4.10\angular__http-2.4.10.jar;C:\Users\Arcshift Solutions\.m2\repository\org\mapstruct\mapstruct\1.3.1.Final\mapstruct-1.3.1.Final.jar;C:\Users\Arcshift Solutions\.m2\repository\io\micrometer\micrometer-registry-prometheus\1.3.8\micrometer-registry-prometheus-1.3.8.jar;C:\Users\Arcshift Solutions\.m2\repository\io\prometheus\simpleclient_common\0.7.0\simpleclient_common-0.7.0.jar;C:\Users\Arcshift Solutions\.m2\repository\io\prometheus\simpleclient\0.7.0\simpleclient-0.7.0.jar;C:\Users\Arcshift Solutions\.m2\repository\org\springframework\boot\spring-boot-starter-actuator\2.2.7.RELEASE\spring-boot-starter-actuator-2.2.7.RELEASE.jar;C:\Users\Arcshift Solutions\.m2\repository\org\springframework\boot\spring-boot-actuator-autoconfigure\2.2.7.RELEASE\spring-boot-actuator-autoconfigure-2.2.7.RELEASE.jar;C:\Users\Arcshift Solutions\.m2\repository\org\springframework\boot\spring-boot-actuator\2.2.7.RELEASE\spring-boot-actuator-2.2.7.RELEASE.jar;C:\Users\Arcshift Solutions\.m2\repository\io\micrometer\micrometer-core\1.3.8\micrometer-core-1.3.8.jar;C:\Users\Arcshift Solutions\.m2\repository\org\hdrhistogram\HdrHistogram\2.1.11\HdrHistogram-2.1.11.jar;C:\Users\Arcshift Solutions\.m2\repository\org\latencyutils\LatencyUtils\2.0.3\LatencyUtils-2.0.3.jar;C:\Users\Arcshift Solutions\.m2\repository\com\h2database\h2\1.4.200\h2-1.4.200.jar;C:\Users\Arcshift Solutions\.m2\repository\org\springframework\security\spring-security-test\5.2.4.RELEASE\spring-security-test-5.2.4.RELEASE.jar;C:\Users\Arcshift Solutions\.m2\repository\org\springframework\security\spring-security-core\5.2.4.RELEASE\spring-security-core-5.2.4.RELEASE.jar;C:\Users\Arcshift Solutions\.m2\repository\org\springframework\security\spring-security-web\5.2.4.RELEASE\spring-security-web-5.2.4.RELEASE.jar;C:\Users\Arcshift Solutions\.m2\repository\org\springframework\spring-context-indexer\5.2.6.RELEASE\spring-context-indexer-5.2.6.RELEASE.jar;C:\Users\Arcshift Solutions\.m2\repository\org\apache\maven\surefire\surefire-junit-platform\2.22.2\surefire-junit-platform-2.22.2.jar;C:\Users\Arcshift Solutions\.m2\repository\org\junit\platform\junit-platform-launcher\1.3.1\junit-platform-launcher-1.3.1.jar"/>
    <property name="java.vm.vendor" value="Oracle Corporation"/>
    <property name="sun.arch.data.model" value="64"/>
    <property name="user.variant" value=""/>
    <property name="java.vendor.url" value="http://java.oracle.com/"/>
    <property name="user.timezone" value="America/Los_Angeles"/>
    <property name="java.vm.specification.version" value="11"/>
    <property name="os.name" value="Windows 10"/>
    <property name="sun.java.launcher" value="SUN_STANDARD"/>
    <property name="user.country" value="CA"/>
    <property name="sun.boot.library.path" value="C:\Program Files\RedHat\java-11-openjdk-11.0.7-1\bin"/>
    <property name="sun.java.command" value="org.apache.maven.surefire.booter.ForkedBooter C:\Users\Arcshift Solutions\AppData\Local\Temp\surefire16050458065133090348 2020-06-23T09-56-23_959-jvmRun1 surefire10359292466525426246tmp surefire_011985210668142294158tmp"/>
    <property name="jdk.debug" value="release"/>
    <property name="surefire.test.class.path" value="C:\Users\Arcshift Solutions\git\intellij\EDUC-PEN-DEMOG-API\api\target\test-classes;C:\Users\Arcshift Solutions\git\intellij\EDUC-PEN-DEMOG-API\api\target\classes;C:\Users\Arcshift Solutions\.m2\repository\org\springframework\boot\spring-boot-starter-web\2.2.7.RELEASE\spring-boot-starter-web-2.2.7.RELEASE.jar;C:\Users\Arcshift Solutions\.m2\repository\org\springframework\boot\spring-boot-starter\2.2.7.RELEASE\spring-boot-starter-2.2.7.RELEASE.jar;C:\Users\Arcshift Solutions\.m2\repository\org\springframework\boot\spring-boot-starter-logging\2.2.7.RELEASE\spring-boot-starter-logging-2.2.7.RELEASE.jar;C:\Users\Arcshift Solutions\.m2\repository\ch\qos\logback\logback-classic\1.2.3\logback-classic-1.2.3.jar;C:\Users\Arcshift Solutions\.m2\repository\ch\qos\logback\logback-core\1.2.3\logback-core-1.2.3.jar;C:\Users\Arcshift Solutions\.m2\repository\org\apache\logging\log4j\log4j-to-slf4j\2.12.1\log4j-to-slf4j-2.12.1.jar;C:\Users\Arcshift Solutions\.m2\repository\org\slf4j\jul-to-slf4j\1.7.30\jul-to-slf4j-1.7.30.jar;C:\Users\Arcshift Solutions\.m2\repository\jakarta\annotation\jakarta.annotation-api\1.3.5\jakarta.annotation-api-1.3.5.jar;C:\Users\Arcshift Solutions\.m2\repository\org\yaml\snakeyaml\1.25\snakeyaml-1.25.jar;C:\Users\Arcshift Solutions\.m2\repository\org\springframework\boot\spring-boot-starter-json\2.2.7.RELEASE\spring-boot-starter-json-2.2.7.RELEASE.jar;C:\Users\Arcshift Solutions\.m2\repository\com\fasterxml\jackson\datatype\jackson-datatype-jdk8\2.10.4\jackson-datatype-jdk8-2.10.4.jar;C:\Users\Arcshift Solutions\.m2\repository\com\fasterxml\jackson\datatype\jackson-datatype-jsr310\2.10.4\jackson-datatype-jsr310-2.10.4.jar;C:\Users\Arcshift Solutions\.m2\repository\com\fasterxml\jackson\module\jackson-module-parameter-names\2.10.4\jackson-module-parameter-names-2.10.4.jar;C:\Users\Arcshift Solutions\.m2\repository\org\springframework\boot\spring-boot-starter-validation\2.2.7.RELEASE\spring-boot-starter-validation-2.2.7.RELEASE.jar;C:\Users\Arcshift Solutions\.m2\repository\jakarta\validation\jakarta.validation-api\2.0.2\jakarta.validation-api-2.0.2.jar;C:\Users\Arcshift Solutions\.m2\repository\org\hibernate\validator\hibernate-validator\6.0.19.Final\hibernate-validator-6.0.19.Final.jar;C:\Users\Arcshift Solutions\.m2\repository\org\springframework\spring-web\5.2.6.RELEASE\spring-web-5.2.6.RELEASE.jar;C:\Users\Arcshift Solutions\.m2\repository\org\springframework\spring-beans\5.2.6.RELEASE\spring-beans-5.2.6.RELEASE.jar;C:\Users\Arcshift Solutions\.m2\repository\org\springframework\spring-webmvc\5.2.6.RELEASE\spring-webmvc-5.2.6.RELEASE.jar;C:\Users\Arcshift Solutions\.m2\repository\org\springframework\spring-aop\5.2.6.RELEASE\spring-aop-5.2.6.RELEASE.jar;C:\Users\Arcshift Solutions\.m2\repository\org\springframework\spring-context\5.2.6.RELEASE\spring-context-5.2.6.RELEASE.jar;C:\Users\Arcshift Solutions\.m2\repository\org\springframework\spring-expression\5.2.6.RELEASE\spring-expression-5.2.6.RELEASE.jar;C:\Users\Arcshift Solutions\.m2\repository\org\springframework\boot\spring-boot-starter-undertow\2.2.7.RELEASE\spring-boot-starter-undertow-2.2.7.RELEASE.jar;C:\Users\Arcshift Solutions\.m2\repository\io\undertow\undertow-core\2.0.30.Final\undertow-core-2.0.30.Final.jar;C:\Users\Arcshift Solutions\.m2\repository\org\jboss\logging\jboss-logging\3.4.1.Final\jboss-logging-3.4.1.Final.jar;C:\Users\Arcshift Solutions\.m2\repository\org\jboss\xnio\xnio-api\3.3.8.Final\xnio-api-3.3.8.Final.jar;C:\Users\Arcshift Solutions\.m2\repository\org\jboss\xnio\xnio-nio\3.3.8.Final\xnio-nio-3.3.8.Final.jar;C:\Users\Arcshift Solutions\.m2\repository\io\undertow\undertow-servlet\2.0.30.Final\undertow-servlet-2.0.30.Final.jar;C:\Users\Arcshift Solutions\.m2\repository\org\jboss\spec\javax\annotation\jboss-annotations-api_1.2_spec\1.0.2.Final\jboss-annotations-api_1.2_spec-1.0.2.Final.jar;C:\Users\Arcshift Solutions\.m2\repository\io\undertow\undertow-websockets-jsr\2.0.30.Final\undertow-websockets-jsr-2.0.30.Final.jar;C:\Users\Arcshift Solutions\.m2\repository\org\jboss\spec\javax\websocket\jboss-websocket-api_1.1_spec\1.1.4.Final\jboss-websocket-api_1.1_spec-1.1.4.Final.jar;C:\Users\Arcshift Solutions\.m2\repository\jakarta\servlet\jakarta.servlet-api\4.0.3\jakarta.servlet-api-4.0.3.jar;C:\Users\Arcshift Solutions\.m2\repository\org\glassfish\jakarta.el\3.0.3\jakarta.el-3.0.3.jar;C:\Users\Arcshift Solutions\.m2\repository\org\springframework\boot\spring-boot-starter-data-jpa\2.2.7.RELEASE\spring-boot-starter-data-jpa-2.2.7.RELEASE.jar;C:\Users\Arcshift Solutions\.m2\repository\org\springframework\boot\spring-boot-starter-aop\2.2.7.RELEASE\spring-boot-starter-aop-2.2.7.RELEASE.jar;C:\Users\Arcshift Solutions\.m2\repository\org\aspectj\aspectjweaver\1.9.5\aspectjweaver-1.9.5.jar;C:\Users\Arcshift Solutions\.m2\repository\org\springframework\boot\spring-boot-starter-jdbc\2.2.7.RELEASE\spring-boot-starter-jdbc-2.2.7.RELEASE.jar;C:\Users\Arcshift Solutions\.m2\repository\com\zaxxer\HikariCP\3.4.3\HikariCP-3.4.3.jar;C:\Users\Arcshift Solutions\.m2\repository\org\springframework\spring-jdbc\5.2.6.RELEASE\spring-jdbc-5.2.6.RELEASE.jar;C:\Users\Arcshift Solutions\.m2\repository\jakarta\persistence\jakarta.persistence-api\2.2.3\jakarta.persistence-api-2.2.3.jar;C:\Users\Arcshift Solutions\.m2\repository\jakarta\transaction\jakarta.transaction-api\1.3.3\jakarta.transaction-api-1.3.3.jar;C:\Users\Arcshift Solutions\.m2\repository\org\hibernate\hibernate-core\5.4.15.Final\hibernate-core-5.4.15.Final.jar;C:\Users\Arcshift Solutions\.m2\repository\org\javassist\javassist\3.24.0-GA\javassist-3.24.0-GA.jar;C:\Users\Arcshift Solutions\.m2\repository\net\bytebuddy\byte-buddy\1.10.10\byte-buddy-1.10.10.jar;C:\Users\Arcshift Solutions\.m2\repository\antlr\antlr\2.7.7\antlr-2.7.7.jar;C:\Users\Arcshift Solutions\.m2\repository\org\jboss\jandex\2.1.3.Final\jandex-2.1.3.Final.jar;C:\Users\Arcshift Solutions\.m2\repository\com\fasterxml\classmate\1.5.1\classmate-1.5.1.jar;C:\Users\Arcshift Solutions\.m2\repository\org\dom4j\dom4j\2.1.3\dom4j-2.1.3.jar;C:\Users\Arcshift Solutions\.m2\repository\org\hibernate\common\hibernate-commons-annotations\5.1.0.Final\hibernate-commons-annotations-5.1.0.Final.jar;C:\Users\Arcshift Solutions\.m2\repository\org\springframework\data\spring-data-jpa\2.2.7.RELEASE\spring-data-jpa-2.2.7.RELEASE.jar;C:\Users\Arcshift Solutions\.m2\repository\org\springframework\data\spring-data-commons\2.2.7.RELEASE\spring-data-commons-2.2.7.RELEASE.jar;C:\Users\Arcshift Solutions\.m2\repository\org\springframework\spring-orm\5.2.6.RELEASE\spring-orm-5.2.6.RELEASE.jar;C:\Users\Arcshift Solutions\.m2\repository\org\springframework\spring-tx\5.2.6.RELEASE\spring-tx-5.2.6.RELEASE.jar;C:\Users\Arcshift Solutions\.m2\repository\org\slf4j\slf4j-api\1.7.30\slf4j-api-1.7.30.jar;C:\Users\Arcshift Solutions\.m2\repository\org\springframework\spring-aspects\5.2.6.RELEASE\spring-aspects-5.2.6.RELEASE.jar;C:\Users\Arcshift Solutions\.m2\repository\org\springframework\security\oauth\boot\spring-security-oauth2-autoconfigure\2.2.7.RELEASE\spring-security-oauth2-autoconfigure-2.2.7.RELEASE.jar;C:\Users\Arcshift Solutions\.m2\repository\com\fasterxml\jackson\core\jackson-annotations\2.10.4\jackson-annotations-2.10.4.jar;C:\Users\Arcshift Solutions\.m2\repository\com\fasterxml\jackson\core\jackson-databind\2.10.4\jackson-databind-2.10.4.jar;C:\Users\Arcshift Solutions\.m2\repository\com\fasterxml\jackson\core\jackson-core\2.10.4\jackson-core-2.10.4.jar;C:\Users\Arcshift Solutions\.m2\repository\javax\xml\bind\jaxb-api\2.3.1\jaxb-api-2.3.1.jar;C:\Users\Arcshift Solutions\.m2\repository\javax\activation\javax.activation-api\1.2.0\javax.activation-api-1.2.0.jar;C:\Users\Arcshift Solutions\.m2\repository\org\springframework\boot\spring-boot\2.2.7.RELEASE\spring-boot-2.2.7.RELEASE.jar;C:\Users\Arcshift Solutions\.m2\repository\org\springframework\boot\spring-boot-autoconfigure\2.2.7.RELEASE\spring-boot-autoconfigure-2.2.7.RELEASE.jar;C:\Users\Arcshift Solutions\.m2\repository\org\springframework\security\oauth\spring-security-oauth2\2.3.8.RELEASE\spring-security-oauth2-2.3.8.RELEASE.jar;C:\Users\Arcshift Solutions\.m2\repository\org\springframework\security\spring-security-config\5.2.4.RELEASE\spring-security-config-5.2.4.RELEASE.jar;C:\Users\Arcshift Solutions\.m2\repository\commons-codec\commons-codec\1.13\commons-codec-1.13.jar;C:\Users\Arcshift Solutions\.m2\repository\org\codehaus\jackson\jackson-mapper-asl\1.9.13\jackson-mapper-asl-1.9.13.jar;C:\Users\Arcshift Solutions\.m2\repository\org\codehaus\jackson\jackson-core-asl\1.9.13\jackson-core-asl-1.9.13.jar;C:\Users\Arcshift Solutions\.m2\repository\org\springframework\security\spring-security-jwt\1.0.11.RELEASE\spring-security-jwt-1.0.11.RELEASE.jar;C:\Users\Arcshift Solutions\.m2\repository\org\bouncycastle\bcpkix-jdk15on\1.64\bcpkix-jdk15on-1.64.jar;C:\Users\Arcshift Solutions\.m2\repository\org\bouncycastle\bcprov-jdk15on\1.64\bcprov-jdk15on-1.64.jar;C:\Users\Arcshift Solutions\.m2\repository\org\glassfish\jaxb\jaxb-runtime\2.3.3\jaxb-runtime-2.3.3.jar;C:\Users\Arcshift Solutions\.m2\repository\org\glassfish\jaxb\txw2\2.3.3\txw2-2.3.3.jar;C:\Users\Arcshift Solutions\.m2\repository\com\sun\istack\istack-commons-runtime\3.0.11\istack-commons-runtime-3.0.11.jar;C:\Users\Arcshift Solutions\.m2\repository\com\sun\activation\jakarta.activation\1.2.2\jakarta.activation-1.2.2.jar;C:\Users\Arcshift Solutions\.m2\repository\org\apache\logging\log4j\log4j-api\2.12.1\log4j-api-2.12.1.jar;C:\Users\Arcshift Solutions\.m2\repository\org\apache\logging\log4j\log4j-core\2.12.1\log4j-core-2.12.1.jar;C:\Users\Arcshift Solutions\.m2\repository\org\apache\commons\commons-lang3\3.9\commons-lang3-3.9.jar;C:\Users\Arcshift Solutions\.m2\repository\javax\persistence\javax.persistence-api\2.2\javax.persistence-api-2.2.jar;C:\Users\Arcshift Solutions\.m2\repository\org\springframework\boot\spring-boot-starter-test\2.2.7.RELEASE\spring-boot-starter-test-2.2.7.RELEASE.jar;C:\Users\Arcshift Solutions\.m2\repository\org\springframework\boot\spring-boot-test\2.2.7.RELEASE\spring-boot-test-2.2.7.RELEASE.jar;C:\Users\Arcshift Solutions\.m2\repository\org\springframework\boot\spring-boot-test-autoconfigure\2.2.7.RELEASE\spring-boot-test-autoconfigure-2.2.7.RELEASE.jar;C:\Users\Arcshift Solutions\.m2\repository\com\jayway\jsonpath\json-path\2.4.0\json-path-2.4.0.jar;C:\Users\Arcshift Solutions\.m2\repository\net\minidev\json-smart\2.3\json-smart-2.3.jar;C:\Users\Arcshift Solutions\.m2\repository\net\minidev\accessors-smart\1.2\accessors-smart-1.2.jar;C:\Users\Arcshift Solutions\.m2\repository\org\ow2\asm\asm\5.0.4\asm-5.0.4.jar;C:\Users\Arcshift Solutions\.m2\repository\jakarta\xml\bind\jakarta.xml.bind-api\2.3.3\jakarta.xml.bind-api-2.3.3.jar;C:\Users\Arcshift Solutions\.m2\repository\jakarta\activation\jakarta.activation-api\1.2.2\jakarta.activation-api-1.2.2.jar;C:\Users\Arcshift Solutions\.m2\repository\org\junit\jupiter\junit-jupiter\5.5.2\junit-jupiter-5.5.2.jar;C:\Users\Arcshift Solutions\.m2\repository\org\junit\jupiter\junit-jupiter-api\5.5.2\junit-jupiter-api-5.5.2.jar;C:\Users\Arcshift Solutions\.m2\repository\org\opentest4j\opentest4j\1.2.0\opentest4j-1.2.0.jar;C:\Users\Arcshift Solutions\.m2\repository\org\junit\platform\junit-platform-commons\1.5.2\junit-platform-commons-1.5.2.jar;C:\Users\Arcshift Solutions\.m2\repository\org\junit\jupiter\junit-jupiter-params\5.5.2\junit-jupiter-params-5.5.2.jar;C:\Users\Arcshift Solutions\.m2\repository\org\junit\jupiter\junit-jupiter-engine\5.5.2\junit-jupiter-engine-5.5.2.jar;C:\Users\Arcshift Solutions\.m2\repository\org\junit\vintage\junit-vintage-engine\5.5.2\junit-vintage-engine-5.5.2.jar;C:\Users\Arcshift Solutions\.m2\repository\org\apiguardian\apiguardian-api\1.1.0\apiguardian-api-1.1.0.jar;C:\Users\Arcshift Solutions\.m2\repository\org\junit\platform\junit-platform-engine\1.5.2\junit-platform-engine-1.5.2.jar;C:\Users\Arcshift Solutions\.m2\repository\junit\junit\4.12\junit-4.12.jar;C:\Users\Arcshift Solutions\.m2\repository\org\mockito\mockito-junit-jupiter\3.1.0\mockito-junit-jupiter-3.1.0.jar;C:\Users\Arcshift Solutions\.m2\repository\org\assertj\assertj-core\3.13.2\assertj-core-3.13.2.jar;C:\Users\Arcshift Solutions\.m2\repository\org\hamcrest\hamcrest\2.1\hamcrest-2.1.jar;C:\Users\Arcshift Solutions\.m2\repository\org\mockito\mockito-core\3.1.0\mockito-core-3.1.0.jar;C:\Users\Arcshift Solutions\.m2\repository\net\bytebuddy\byte-buddy-agent\1.10.10\byte-buddy-agent-1.10.10.jar;C:\Users\Arcshift Solutions\.m2\repository\org\objenesis\objenesis\2.6\objenesis-2.6.jar;C:\Users\Arcshift Solutions\.m2\repository\org\skyscreamer\jsonassert\1.5.0\jsonassert-1.5.0.jar;C:\Users\Arcshift Solutions\.m2\repository\com\vaadin\external\google\android-json\0.0.20131108.vaadin1\android-json-0.0.20131108.vaadin1.jar;C:\Users\Arcshift Solutions\.m2\repository\org\springframework\spring-core\5.2.6.RELEASE\spring-core-5.2.6.RELEASE.jar;C:\Users\Arcshift Solutions\.m2\repository\org\springframework\spring-jcl\5.2.6.RELEASE\spring-jcl-5.2.6.RELEASE.jar;C:\Users\Arcshift Solutions\.m2\repository\org\springframework\spring-test\5.2.6.RELEASE\spring-test-5.2.6.RELEASE.jar;C:\Users\Arcshift Solutions\.m2\repository\org\xmlunit\xmlunit-core\2.6.4\xmlunit-core-2.6.4.jar;C:\Users\Arcshift Solutions\.m2\repository\org\projectlombok\lombok\1.18.12\lombok-1.18.12.jar;C:\Users\Arcshift Solutions\.m2\repository\com\oracle\jdbc\ojdbc8\12.2.0.1\ojdbc8-12.2.0.1.jar;C:\Users\Arcshift Solutions\.m2\repository\org\springdoc\springdoc-openapi-webmvc-core\1.3.9\springdoc-openapi-webmvc-core-1.3.9.jar;C:\Users\Arcshift Solutions\.m2\repository\org\springdoc\springdoc-openapi-common\1.3.9\springdoc-openapi-common-1.3.9.jar;C:\Users\Arcshift Solutions\.m2\repository\io\swagger\core\v3\swagger-models\2.1.2\swagger-models-2.1.2.jar;C:\Users\Arcshift Solutions\.m2\repository\io\swagger\core\v3\swagger-annotations\2.1.2\swagger-annotations-2.1.2.jar;C:\Users\Arcshift Solutions\.m2\repository\io\swagger\core\v3\swagger-integration\2.1.2\swagger-integration-2.1.2.jar;C:\Users\Arcshift Solutions\.m2\repository\io\swagger\core\v3\swagger-core\2.1.2\swagger-core-2.1.2.jar;C:\Users\Arcshift Solutions\.m2\repository\com\fasterxml\jackson\dataformat\jackson-dataformat-yaml\2.10.4\jackson-dataformat-yaml-2.10.4.jar;C:\Users\Arcshift Solutions\.m2\repository\org\springdoc\springdoc-openapi-ui\1.3.9\springdoc-openapi-ui-1.3.9.jar;C:\Users\Arcshift Solutions\.m2\repository\org\webjars\swagger-ui\3.25.1\swagger-ui-3.25.1.jar;C:\Users\Arcshift Solutions\.m2\repository\org\webjars\webjars-locator-core\0.41\webjars-locator-core-0.41.jar;C:\Users\Arcshift Solutions\.m2\repository\io\github\classgraph\classgraph\4.8.44\classgraph-4.8.44.jar;C:\Users\Arcshift Solutions\.m2\repository\org\webjars\npm\angular__http\2.4.10\angular__http-2.4.10.jar;C:\Users\Arcshift Solutions\.m2\repository\org\mapstruct\mapstruct\1.3.1.Final\mapstruct-1.3.1.Final.jar;C:\Users\Arcshift Solutions\.m2\repository\io\micrometer\micrometer-registry-prometheus\1.3.8\micrometer-registry-prometheus-1.3.8.jar;C:\Users\Arcshift Solutions\.m2\repository\io\prometheus\simpleclient_common\0.7.0\simpleclient_common-0.7.0.jar;C:\Users\Arcshift Solutions\.m2\repository\io\prometheus\simpleclient\0.7.0\simpleclient-0.7.0.jar;C:\Users\Arcshift Solutions\.m2\repository\org\springframework\boot\spring-boot-starter-actuator\2.2.7.RELEASE\spring-boot-starter-actuator-2.2.7.RELEASE.jar;C:\Users\Arcshift Solutions\.m2\repository\org\springframework\boot\spring-boot-actuator-autoconfigure\2.2.7.RELEASE\spring-boot-actuator-autoconfigure-2.2.7.RELEASE.jar;C:\Users\Arcshift Solutions\.m2\repository\org\springframework\boot\spring-boot-actuator\2.2.7.RELEASE\spring-boot-actuator-2.2.7.RELEASE.jar;C:\Users\Arcshift Solutions\.m2\repository\io\micrometer\micrometer-core\1.3.8\micrometer-core-1.3.8.jar;C:\Users\Arcshift Solutions\.m2\repository\org\hdrhistogram\HdrHistogram\2.1.11\HdrHistogram-2.1.11.jar;C:\Users\Arcshift Solutions\.m2\repository\org\latencyutils\LatencyUtils\2.0.3\LatencyUtils-2.0.3.jar;C:\Users\Arcshift Solutions\.m2\repository\com\h2database\h2\1.4.200\h2-1.4.200.jar;C:\Users\Arcshift Solutions\.m2\repository\org\springframework\security\spring-security-test\5.2.4.RELEASE\spring-security-test-5.2.4.RELEASE.jar;C:\Users\Arcshift Solutions\.m2\repository\org\springframework\security\spring-security-core\5.2.4.RELEASE\spring-security-core-5.2.4.RELEASE.jar;C:\Users\Arcshift Solutions\.m2\repository\org\springframework\security\spring-security-web\5.2.4.RELEASE\spring-security-web-5.2.4.RELEASE.jar;C:\Users\Arcshift Solutions\.m2\repository\org\springframework\spring-context-indexer\5.2.6.RELEASE\spring-context-indexer-5.2.6.RELEASE.jar;"/>
    <property name="sun.cpu.endian" value="little"/>
    <property name="user.home" value="C:\Users\Arcshift Solutions"/>
    <property name="user.language" value="en"/>
    <property name="java.specification.vendor" value="Oracle Corporation"/>
    <property name="java.version.date" value="2020-04-14"/>
    <property name="java.home" value="C:\Program Files\RedHat\java-11-openjdk-11.0.7-1"/>
    <property name="file.separator" value="\"/>
    <property name="basedir" value="C:\Users\Arcshift Solutions\git\intellij\EDUC-PEN-DEMOG-API\api"/>
    <property name="java.vm.compressedOopsMode" value="Zero based"/>
    <property name="line.separator" value="&#10;"/>
    <property name="java.specification.name" value="Java Platform API Specification"/>
    <property name="java.vm.specification.vendor" value="Oracle Corporation"/>
    <property name="java.awt.graphicsenv" value="sun.awt.Win32GraphicsEnvironment"/>
    <property name="idea.version2020.1.2" value="true"/>
    <property name="user.script" value=""/>
    <property name="sun.management.compiler" value="HotSpot 64-Bit Tiered Compilers"/>
    <property name="java.runtime.version" value="11.0.7+10-LTS"/>
    <property name="user.name" value="Arcshift Solutions"/>
    <property name="path.separator" value=";"/>
    <property name="os.version" value="10.0"/>
    <property name="java.runtime.name" value="OpenJDK Runtime Environment"/>
    <property name="file.encoding" value="Cp1252"/>
    <property name="java.vm.name" value="OpenJDK 64-Bit Server VM"/>
    <property name="java.vendor.version" value="18.9"/>
    <property name="localRepository" value="C:\Users\Arcshift Solutions\.m2\repository"/>
    <property name="java.vendor.url.bug" value="http://bugreport.java.com/bugreport/"/>
    <property name="java.io.tmpdir" value="C:\Users\ARCSHI~1\AppData\Local\Temp\"/>
    <property name="java.version" value="11.0.7"/>
    <property name="user.dir" value="C:\Users\Arcshift Solutions\git\intellij\EDUC-PEN-DEMOG-API\api"/>
    <property name="os.arch" value="amd64"/>
    <property name="java.vm.specification.name" value="Java Virtual Machine Specification"/>
    <property name="java.awt.printerjob" value="sun.awt.windows.WPrinterJob"/>
    <property name="sun.os.patch.level" value=""/>
    <property name="java.library.path" value="C:\Program Files\RedHat\java-11-openjdk-11.0.7-1\bin;C:\WINDOWS\Sun\Java\bin;C:\WINDOWS\system32;C:\WINDOWS;C:\ProgramData\DockerDesktop\version-bin;C:\Program Files\Docker\Docker\Resources\bin;C:\PROGRA~1\Java\JDK17~1.0_8\bin;C:\ProgramData\Oracle\Java\javapath;C:\Windows\System32;C:\Windows;C:\Windows\System32\wbem;C:\Windows\System32\WindowsPowerShell\v1.0\;C:\Windows\System32\OpenSSH\;C:\Program Files\nodejs\;C:\Arcshift\Apps\OpenShiftCLI\;C:\Program Files\Git\cmd;C:\ProgramData\chocolatey\bin;C:\Users\Arcshift Solutions\AppData\Roaming\npm;C:\Program Files\RedHat\java-1.8.0-openjdk-1.8.0.222-4\bin;C:\Program Files\RedHat\java-1.8.0-openjdk-1.8.0.222-4\jre\bin;C:\WINDOWS\system32;C:\WINDOWS;C:\WINDOWS\System32\Wbem;C:\WINDOWS\System32\WindowsPowerShell\v1.0\;C:\WINDOWS\System32\OpenSSH\;C:\Program Files\RedHat\java-11-openjdk-11.0.7-1\bin;C:\Users\Arcshift Solutions\AppData\Local\Microsoft\WindowsApps;;."/>
    <property name="java.vendor" value="Oracle Corporation"/>
    <property name="java.vm.info" value="mixed mode"/>
    <property name="java.vm.version" value="11.0.7+10-LTS"/>
    <property name="sun.io.unicode.encoding" value="UnicodeLittle"/>
    <property name="java.class.version" value="55.0"/>
  </properties>
  <testcase name="testGetPenDemographicsByPen_GivenPenExistInDB_ShouldReturnStatusOk" classname="ca.bc.gov.educ.api.pendemog.controller.PenDemographicsControllerTest" time="0.367">
    <error message="C:\Users\Arcshift%20Solutions\git\intellij\EDUC-PEN-DEMOG-API\api\target\test-classes\PenDemogDummyData.json (The system cannot find the path specified)" type="java.io.FileNotFoundException">java.io.FileNotFoundException: C:\Users\Arcshift%20Solutions\git\intellij\EDUC-PEN-DEMOG-API\api\target\test-classes\PenDemogDummyData.json (The system cannot find the path specified)
	at ca.bc.gov.educ.api.pendemog.controller.PenDemographicsControllerTest.setUp(PenDemographicsControllerTest.java:53)
</error>
    <system-out><![CDATA[09:56:27.237 [main] DEBUG org.springframework.test.context.junit4.SpringJUnit4ClassRunner - SpringJUnit4ClassRunner constructor called with [class ca.bc.gov.educ.api.pendemog.controller.PenDemographicsControllerTest]
09:56:27.252 [main] DEBUG org.springframework.test.context.BootstrapUtils - Instantiating CacheAwareContextLoaderDelegate from class [org.springframework.test.context.cache.DefaultCacheAwareContextLoaderDelegate]
09:56:27.295 [main] DEBUG org.springframework.test.context.BootstrapUtils - Instantiating BootstrapContext using constructor [public org.springframework.test.context.support.DefaultBootstrapContext(java.lang.Class,org.springframework.test.context.CacheAwareContextLoaderDelegate)]
09:56:27.434 [main] DEBUG org.springframework.test.context.BootstrapUtils - Instantiating TestContextBootstrapper for test class [ca.bc.gov.educ.api.pendemog.controller.PenDemographicsControllerTest] from class [org.springframework.boot.test.context.SpringBootTestContextBootstrapper]
09:56:27.516 [main] INFO org.springframework.boot.test.context.SpringBootTestContextBootstrapper - Neither @ContextConfiguration nor @ContextHierarchy found for test class [ca.bc.gov.educ.api.pendemog.controller.PenDemographicsControllerTest], using SpringBootContextLoader
09:56:27.544 [main] DEBUG org.springframework.test.context.support.AbstractContextLoader - Did not detect default resource location for test class [ca.bc.gov.educ.api.pendemog.controller.PenDemographicsControllerTest]: class path resource [ca/bc/gov/educ/api/pendemog/controller/PenDemographicsControllerTest-context.xml] does not exist
09:56:27.546 [main] DEBUG org.springframework.test.context.support.AbstractContextLoader - Did not detect default resource location for test class [ca.bc.gov.educ.api.pendemog.controller.PenDemographicsControllerTest]: class path resource [ca/bc/gov/educ/api/pendemog/controller/PenDemographicsControllerTestContext.groovy] does not exist
09:56:27.547 [main] INFO org.springframework.test.context.support.AbstractContextLoader - Could not detect default resource locations for test class [ca.bc.gov.educ.api.pendemog.controller.PenDemographicsControllerTest]: no resource found for suffixes {-context.xml, Context.groovy}.
09:56:27.551 [main] INFO org.springframework.test.context.support.AnnotationConfigContextLoaderUtils - Could not detect default configuration classes for test class [ca.bc.gov.educ.api.pendemog.controller.PenDemographicsControllerTest]: PenDemographicsControllerTest does not declare any static, non-private, non-final, nested classes annotated with @Configuration.
09:56:27.748 [main] DEBUG org.springframework.test.context.support.ActiveProfilesUtils - Could not find an 'annotation declaring class' for annotation type [org.springframework.test.context.ActiveProfiles] and class [ca.bc.gov.educ.api.pendemog.controller.PenDemographicsControllerTest]
09:56:27.844 [main] DEBUG org.springframework.context.index.CandidateComponentsIndexLoader - Loaded 1] index(es)
09:56:28.094 [main] DEBUG org.springframework.context.annotation.ClassPathScanningCandidateComponentProvider - Identified candidate component class: file [C:\Users\Arcshift Solutions\git\intellij\EDUC-PEN-DEMOG-API\api\target\classes\ca\bc\gov\educ\api\pendemog\PenDemographicsApiResourceApplication.class]
09:56:28.097 [main] INFO org.springframework.boot.test.context.SpringBootTestContextBootstrapper - Found @SpringBootConfiguration ca.bc.gov.educ.api.pendemog.PenDemographicsApiResourceApplication for test class ca.bc.gov.educ.api.pendemog.controller.PenDemographicsControllerTest
09:56:28.468 [main] DEBUG org.springframework.boot.test.context.SpringBootTestContextBootstrapper - @TestExecutionListeners is not present for class [ca.bc.gov.educ.api.pendemog.controller.PenDemographicsControllerTest]: using defaults.
09:56:28.469 [main] INFO org.springframework.boot.test.context.SpringBootTestContextBootstrapper - Loaded default TestExecutionListener class names from location [META-INF/spring.factories]: [org.springframework.boot.test.mock.mockito.MockitoTestExecutionListener, org.springframework.boot.test.mock.mockito.ResetMocksTestExecutionListener, org.springframework.boot.test.autoconfigure.restdocs.RestDocsTestExecutionListener, org.springframework.boot.test.autoconfigure.web.client.MockRestServiceServerResetTestExecutionListener, org.springframework.boot.test.autoconfigure.web.servlet.MockMvcPrintOnlyOnFailureTestExecutionListener, org.springframework.boot.test.autoconfigure.web.servlet.WebDriverTestExecutionListener, org.springframework.test.context.web.ServletTestExecutionListener, org.springframework.test.context.support.DirtiesContextBeforeModesTestExecutionListener, org.springframework.test.context.support.DependencyInjectionTestExecutionListener, org.springframework.test.context.support.DirtiesContextTestExecutionListener, org.springframework.test.context.transaction.TransactionalTestExecutionListener, org.springframework.test.context.jdbc.SqlScriptsTestExecutionListener, org.springframework.test.context.event.EventPublishingTestExecutionListener, org.springframework.security.test.context.support.WithSecurityContextTestExecutionListener, org.springframework.security.test.context.support.ReactorContextTestExecutionListener]
09:56:28.546 [main] INFO org.springframework.boot.test.context.SpringBootTestContextBootstrapper - Using TestExecutionListeners: [org.springframework.test.context.web.ServletTestExecutionListener@4b50c21, org.springframework.test.context.support.DirtiesContextBeforeModesTestExecutionListener@2e0fdc83, org.springframework.boot.test.mock.mockito.MockitoTestExecutionListener@5dacf18d, org.springframework.boot.test.autoconfigure.SpringBootDependencyInjectionTestExecutionListener@432a6a69, org.springframework.test.context.support.DirtiesContextTestExecutionListener@6f52a229, org.springframework.test.context.transaction.TransactionalTestExecutionListener@3fe98084, org.springframework.test.context.jdbc.SqlScriptsTestExecutionListener@5f33e6d, org.springframework.test.context.event.EventPublishingTestExecutionListener@151a6598, org.springframework.security.test.context.support.WithSecurityContextTestExecutionListener@6fa3def8, org.springframework.security.test.context.support.ReactorContextTestExecutionListener@1c3d9e28, org.springframework.boot.test.mock.mockito.ResetMocksTestExecutionListener@a1cb94, org.springframework.boot.test.autoconfigure.restdocs.RestDocsTestExecutionListener@46d148bd, org.springframework.boot.test.autoconfigure.web.client.MockRestServiceServerResetTestExecutionListener@37f41a81, org.springframework.boot.test.autoconfigure.web.servlet.MockMvcPrintOnlyOnFailureTestExecutionListener@47c81e89, org.springframework.boot.test.autoconfigure.web.servlet.WebDriverTestExecutionListener@49bb808f]
09:56:28.564 [main] DEBUG org.springframework.test.annotation.ProfileValueUtils - Retrieved @ProfileValueSourceConfiguration [null] for test class [ca.bc.gov.educ.api.pendemog.controller.PenDemographicsControllerTest]
09:56:28.566 [main] DEBUG org.springframework.test.annotation.ProfileValueUtils - Retrieved ProfileValueSource type [class org.springframework.test.annotation.SystemProfileValueSource] for class [ca.bc.gov.educ.api.pendemog.controller.PenDemographicsControllerTest]
09:56:28.647 [main] DEBUG org.springframework.test.context.junit4.SpringJUnit4ClassRunner - SpringJUnit4ClassRunner constructor called with [class ca.bc.gov.educ.api.pendemog.controller.PenDemographicsControllerTest]
09:56:28.647 [main] DEBUG org.springframework.test.context.BootstrapUtils - Instantiating CacheAwareContextLoaderDelegate from class [org.springframework.test.context.cache.DefaultCacheAwareContextLoaderDelegate]
09:56:28.647 [main] DEBUG org.springframework.test.context.BootstrapUtils - Instantiating BootstrapContext using constructor [public org.springframework.test.context.support.DefaultBootstrapContext(java.lang.Class,org.springframework.test.context.CacheAwareContextLoaderDelegate)]
09:56:28.648 [main] DEBUG org.springframework.test.context.BootstrapUtils - Instantiating TestContextBootstrapper for test class [ca.bc.gov.educ.api.pendemog.controller.PenDemographicsControllerTest] from class [org.springframework.boot.test.context.SpringBootTestContextBootstrapper]
09:56:28.650 [main] INFO org.springframework.boot.test.context.SpringBootTestContextBootstrapper - Neither @ContextConfiguration nor @ContextHierarchy found for test class [ca.bc.gov.educ.api.pendemog.controller.PenDemographicsControllerTest], using SpringBootContextLoader
09:56:28.652 [main] DEBUG org.springframework.test.context.support.AbstractContextLoader - Did not detect default resource location for test class [ca.bc.gov.educ.api.pendemog.controller.PenDemographicsControllerTest]: class path resource [ca/bc/gov/educ/api/pendemog/controller/PenDemographicsControllerTest-context.xml] does not exist
09:56:28.653 [main] DEBUG org.springframework.test.context.support.AbstractContextLoader - Did not detect default resource location for test class [ca.bc.gov.educ.api.pendemog.controller.PenDemographicsControllerTest]: class path resource [ca/bc/gov/educ/api/pendemog/controller/PenDemographicsControllerTestContext.groovy] does not exist
09:56:28.654 [main] INFO org.springframework.test.context.support.AbstractContextLoader - Could not detect default resource locations for test class [ca.bc.gov.educ.api.pendemog.controller.PenDemographicsControllerTest]: no resource found for suffixes {-context.xml, Context.groovy}.
09:56:28.654 [main] INFO org.springframework.test.context.support.AnnotationConfigContextLoaderUtils - Could not detect default configuration classes for test class [ca.bc.gov.educ.api.pendemog.controller.PenDemographicsControllerTest]: PenDemographicsControllerTest does not declare any static, non-private, non-final, nested classes annotated with @Configuration.
09:56:28.660 [main] DEBUG org.springframework.test.context.support.ActiveProfilesUtils - Could not find an 'annotation declaring class' for annotation type [org.springframework.test.context.ActiveProfiles] and class [ca.bc.gov.educ.api.pendemog.controller.PenDemographicsControllerTest]
09:56:28.660 [main] INFO org.springframework.boot.test.context.SpringBootTestContextBootstrapper - Found @SpringBootConfiguration ca.bc.gov.educ.api.pendemog.PenDemographicsApiResourceApplication for test class ca.bc.gov.educ.api.pendemog.controller.PenDemographicsControllerTest
09:56:28.666 [main] DEBUG org.springframework.boot.test.context.SpringBootTestContextBootstrapper - @TestExecutionListeners is not present for class [ca.bc.gov.educ.api.pendemog.controller.PenDemographicsControllerTest]: using defaults.
09:56:28.666 [main] INFO org.springframework.boot.test.context.SpringBootTestContextBootstrapper - Loaded default TestExecutionListener class names from location [META-INF/spring.factories]: [org.springframework.boot.test.mock.mockito.MockitoTestExecutionListener, org.springframework.boot.test.mock.mockito.ResetMocksTestExecutionListener, org.springframework.boot.test.autoconfigure.restdocs.RestDocsTestExecutionListener, org.springframework.boot.test.autoconfigure.web.client.MockRestServiceServerResetTestExecutionListener, org.springframework.boot.test.autoconfigure.web.servlet.MockMvcPrintOnlyOnFailureTestExecutionListener, org.springframework.boot.test.autoconfigure.web.servlet.WebDriverTestExecutionListener, org.springframework.test.context.web.ServletTestExecutionListener, org.springframework.test.context.support.DirtiesContextBeforeModesTestExecutionListener, org.springframework.test.context.support.DependencyInjectionTestExecutionListener, org.springframework.test.context.support.DirtiesContextTestExecutionListener, org.springframework.test.context.transaction.TransactionalTestExecutionListener, org.springframework.test.context.jdbc.SqlScriptsTestExecutionListener, org.springframework.test.context.event.EventPublishingTestExecutionListener, org.springframework.security.test.context.support.WithSecurityContextTestExecutionListener, org.springframework.security.test.context.support.ReactorContextTestExecutionListener]
09:56:28.670 [main] INFO org.springframework.boot.test.context.SpringBootTestContextBootstrapper - Using TestExecutionListeners: [org.springframework.test.context.web.ServletTestExecutionListener@24068086, org.springframework.test.context.support.DirtiesContextBeforeModesTestExecutionListener@32513dea, org.springframework.boot.test.mock.mockito.MockitoTestExecutionListener@5d0e703a, org.springframework.boot.test.autoconfigure.SpringBootDependencyInjectionTestExecutionListener@7f77e065, org.springframework.test.context.support.DirtiesContextTestExecutionListener@6f655dbd, org.springframework.test.context.transaction.TransactionalTestExecutionListener@546083d6, org.springframework.test.context.jdbc.SqlScriptsTestExecutionListener@7ac1b6c0, org.springframework.test.context.event.EventPublishingTestExecutionListener@3a751535, org.springframework.security.test.context.support.WithSecurityContextTestExecutionListener@7fb82f73, org.springframework.security.test.context.support.ReactorContextTestExecutionListener@2f166d61, org.springframework.boot.test.mock.mockito.ResetMocksTestExecutionListener@5896b9f5, org.springframework.boot.test.autoconfigure.restdocs.RestDocsTestExecutionListener@4ad8d36f, org.springframework.boot.test.autoconfigure.web.client.MockRestServiceServerResetTestExecutionListener@74a5bef0, org.springframework.boot.test.autoconfigure.web.servlet.MockMvcPrintOnlyOnFailureTestExecutionListener@68c4a860, org.springframework.boot.test.autoconfigure.web.servlet.WebDriverTestExecutionListener@570ed9c]
09:56:28.671 [main] DEBUG org.springframework.test.annotation.ProfileValueUtils - Retrieved @ProfileValueSourceConfiguration [null] for test class [ca.bc.gov.educ.api.pendemog.controller.PenDemographicsControllerTest]
09:56:28.671 [main] DEBUG org.springframework.test.annotation.ProfileValueUtils - Retrieved ProfileValueSource type [class org.springframework.test.annotation.SystemProfileValueSource] for class [ca.bc.gov.educ.api.pendemog.controller.PenDemographicsControllerTest]
09:56:28.912 [main] DEBUG org.springframework.test.annotation.ProfileValueUtils - Retrieved @ProfileValueSourceConfiguration [null] for test class [ca.bc.gov.educ.api.pendemog.controller.PenDemographicsControllerTest]
09:56:28.912 [main] DEBUG org.springframework.test.annotation.ProfileValueUtils - Retrieved ProfileValueSource type [class org.springframework.test.annotation.SystemProfileValueSource] for class [ca.bc.gov.educ.api.pendemog.controller.PenDemographicsControllerTest]
09:56:28.923 [main] DEBUG org.springframework.test.annotation.ProfileValueUtils - Retrieved @ProfileValueSourceConfiguration [null] for test class [ca.bc.gov.educ.api.pendemog.controller.PenDemographicsControllerTest]
09:56:28.923 [main] DEBUG org.springframework.test.annotation.ProfileValueUtils - Retrieved ProfileValueSource type [class org.springframework.test.annotation.SystemProfileValueSource] for class [ca.bc.gov.educ.api.pendemog.controller.PenDemographicsControllerTest]
09:56:28.926 [main] DEBUG org.springframework.test.annotation.ProfileValueUtils - Retrieved @ProfileValueSourceConfiguration [null] for test class [ca.bc.gov.educ.api.pendemog.controller.PenDemographicsControllerTest]
09:56:28.926 [main] DEBUG org.springframework.test.annotation.ProfileValueUtils - Retrieved ProfileValueSource type [class org.springframework.test.annotation.SystemProfileValueSource] for class [ca.bc.gov.educ.api.pendemog.controller.PenDemographicsControllerTest]
09:56:28.942 [main] DEBUG org.springframework.test.context.support.AbstractDirtiesContextTestExecutionListener - Before test class: context [DefaultTestContext@1013871e testClass = PenDemographicsControllerTest, testInstance = [null], testMethod = [null], testException = [null], mergedContextConfiguration = [WebMergedContextConfiguration@5a9051fd testClass = PenDemographicsControllerTest, locations = '{}', classes = '{class ca.bc.gov.educ.api.pendemog.PenDemographicsApiResourceApplication}', contextInitializerClasses = '[]', activeProfiles = '{}', propertySourceLocations = '{}', propertySourceProperties = '{org.springframework.boot.test.context.SpringBootTestContextBootstrapper=true}', contextCustomizers = set[org.springframework.boot.test.context.filter.ExcludeFilterContextCustomizer@2e13f304, org.springframework.boot.test.json.DuplicateJsonObjectContextCustomizerFactory$DuplicateJsonObjectContextCustomizer@40ac6b76, org.springframework.boot.test.mock.mockito.MockitoContextCustomizer@0, org.springframework.boot.test.web.client.TestRestTemplateContextCustomizer@642a16aa, org.springframework.boot.test.autoconfigure.properties.PropertyMappingContextCustomizer@0, org.springframework.boot.test.autoconfigure.web.servlet.WebDriverContextCustomizerFactory$Customizer@2da99821, org.springframework.boot.test.context.SpringBootTestArgs@1], resourceBasePath = 'src/main/webapp', contextLoader = 'org.springframework.boot.test.context.SpringBootContextLoader', parent = [null]], attributes = map['org.springframework.test.context.web.ServletTestExecutionListener.activateListener' -> true]], class annotated with @DirtiesContext [false] with mode [null].
09:56:28.953 [main] DEBUG org.springframework.test.annotation.ProfileValueUtils - Retrieved @ProfileValueSourceConfiguration [null] for test class [ca.bc.gov.educ.api.pendemog.controller.PenDemographicsControllerTest]
09:56:28.953 [main] DEBUG org.springframework.test.annotation.ProfileValueUtils - Retrieved ProfileValueSource type [class org.springframework.test.annotation.SystemProfileValueSource] for class [ca.bc.gov.educ.api.pendemog.controller.PenDemographicsControllerTest]
09:56:29.064 [main] DEBUG org.springframework.test.context.support.TestPropertySourceUtils - Adding inlined properties to environment: {spring.jmx.enabled=false, org.springframework.boot.test.context.SpringBootTestContextBootstrapper=true, server.port=-1}

  .   ____          _            __ _ _
 /\\ / ___'_ __ _ _(_)_ __  __ _ \ \ \ \
( ( )\___ | '_ | '_| | '_ \/ _` | \ \ \ \
 \\/  ___)| |_)| | | | | || (_| |  ) ) ) )
  '  |____| .__|_| |_|_| |_\__, | / / / /
 =========|_|==============|___/=/_/_/_/
 :: Spring Boot ::        (v2.2.7.RELEASE)

]]></system-out>
  </testcase>
  <testcase name="testSearchPenDemographics2_GivenWrongFormatDOBInQueryParam_ShouldReturnStatusBadRequest" classname="ca.bc.gov.educ.api.pendemog.controller.PenDemographicsControllerTest" time="0.032">
    <error message="C:\Users\Arcshift%20Solutions\git\intellij\EDUC-PEN-DEMOG-API\api\target\test-classes\PenDemogDummyData.json (The system cannot find the path specified)" type="java.io.FileNotFoundException">java.io.FileNotFoundException: C:\Users\Arcshift%20Solutions\git\intellij\EDUC-PEN-DEMOG-API\api\target\test-classes\PenDemogDummyData.json (The system cannot find the path specified)
	at ca.bc.gov.educ.api.pendemog.controller.PenDemographicsControllerTest.setUp(PenDemographicsControllerTest.java:53)
</error>
  </testcase>
  <testcase name="testSearchPenDemographics_GivenNoQueryParameters_ShouldReturnStatusOkWithNoResults" classname="ca.bc.gov.educ.api.pendemog.controller.PenDemographicsControllerTest" time="0.034">
    <error message="C:\Users\Arcshift%20Solutions\git\intellij\EDUC-PEN-DEMOG-API\api\target\test-classes\PenDemogDummyData.json (The system cannot find the path specified)" type="java.io.FileNotFoundException">java.io.FileNotFoundException: C:\Users\Arcshift%20Solutions\git\intellij\EDUC-PEN-DEMOG-API\api\target\test-classes\PenDemogDummyData.json (The system cannot find the path specified)
	at ca.bc.gov.educ.api.pendemog.controller.PenDemographicsControllerTest.setUp(PenDemographicsControllerTest.java:53)
</error>
  </testcase>
  <testcase name="testSearchPenDemographics_GivenOnlySexInQueryParam_ShouldReturnStatusOkAndNoResults" classname="ca.bc.gov.educ.api.pendemog.controller.PenDemographicsControllerTest" time="0.035">
    <error message="C:\Users\Arcshift%20Solutions\git\intellij\EDUC-PEN-DEMOG-API\api\target\test-classes\PenDemogDummyData.json (The system cannot find the path specified)" type="java.io.FileNotFoundException">java.io.FileNotFoundException: C:\Users\Arcshift%20Solutions\git\intellij\EDUC-PEN-DEMOG-API\api\target\test-classes\PenDemogDummyData.json (The system cannot find the path specified)
	at ca.bc.gov.educ.api.pendemog.controller.PenDemographicsControllerTest.setUp(PenDemographicsControllerTest.java:53)
</error>
  </testcase>
  <testcase name="testSearchPenDemographics_GivenOnlyDOBInQueryParam_ShouldReturnStatusOk" classname="ca.bc.gov.educ.api.pendemog.controller.PenDemographicsControllerTest" time="0.037">
    <error message="C:\Users\Arcshift%20Solutions\git\intellij\EDUC-PEN-DEMOG-API\api\target\test-classes\PenDemogDummyData.json (The system cannot find the path specified)" type="java.io.FileNotFoundException">java.io.FileNotFoundException: C:\Users\Arcshift%20Solutions\git\intellij\EDUC-PEN-DEMOG-API\api\target\test-classes\PenDemogDummyData.json (The system cannot find the path specified)
	at ca.bc.gov.educ.api.pendemog.controller.PenDemographicsControllerTest.setUp(PenDemographicsControllerTest.java:53)
</error>
  </testcase>
  <testcase name="testSearchPenDemographics_GivenWrongFormatDOBInQueryParam_ShouldReturnStatusBadRequest" classname="ca.bc.gov.educ.api.pendemog.controller.PenDemographicsControllerTest" time="0.041">
    <error message="C:\Users\Arcshift%20Solutions\git\intellij\EDUC-PEN-DEMOG-API\api\target\test-classes\PenDemogDummyData.json (The system cannot find the path specified)" type="java.io.FileNotFoundException">java.io.FileNotFoundException: C:\Users\Arcshift%20Solutions\git\intellij\EDUC-PEN-DEMOG-API\api\target\test-classes\PenDemogDummyData.json (The system cannot find the path specified)
	at ca.bc.gov.educ.api.pendemog.controller.PenDemographicsControllerTest.setUp(PenDemographicsControllerTest.java:53)
</error>
  </testcase>
  <testcase name="testGetPenDemographicsByPen_GivenPenDoesNotExistInDB_ShouldReturnStatusNotFound" classname="ca.bc.gov.educ.api.pendemog.controller.PenDemographicsControllerTest" time="0.041">
    <error message="C:\Users\Arcshift%20Solutions\git\intellij\EDUC-PEN-DEMOG-API\api\target\test-classes\PenDemogDummyData.json (The system cannot find the path specified)" type="java.io.FileNotFoundException">java.io.FileNotFoundException: C:\Users\Arcshift%20Solutions\git\intellij\EDUC-PEN-DEMOG-API\api\target\test-classes\PenDemogDummyData.json (The system cannot find the path specified)
	at ca.bc.gov.educ.api.pendemog.controller.PenDemographicsControllerTest.setUp(PenDemographicsControllerTest.java:53)
</error>
  </testcase>
</testsuite>